[0.299s] Invoking command in '/home/youhans/ros2_ws/build/my_robot_controller': PYTHONPATH=/home/youhans/ros2_ws/build/my_robot_controller/prefix_override:/home/youhans/ros2_ws/install/my_robot_controller/lib/python3.10/site-packages:${PYTHONPATH} /usr/bin/python3 -W ignore:setup.py install is deprecated setup.py develop --editable --build-directory /home/youhans/ros2_ws/build/my_robot_controller/build --no-deps symlink_data
[0.433s] running develop
[0.498s] running egg_info
[0.498s] writing my_robot_controller.egg-info/PKG-INFO
[0.498s] writing dependency_links to my_robot_controller.egg-info/dependency_links.txt
[0.498s] writing entry points to my_robot_controller.egg-info/entry_points.txt
[0.498s] writing requirements to my_robot_controller.egg-info/requires.txt
[0.498s] writing top-level names to my_robot_controller.egg-info/top_level.txt
[0.499s] reading manifest file 'my_robot_controller.egg-info/SOURCES.txt'
[0.499s] writing manifest file 'my_robot_controller.egg-info/SOURCES.txt'
[0.500s] running build_ext
[0.501s] Creating /home/youhans/ros2_ws/install/my_robot_controller/lib/python3.10/site-packages/my-robot-controller.egg-link (link to .)
[0.501s] Installing draw_circle script to /home/youhans/ros2_ws/install/my_robot_controller/lib/my_robot_controller
[0.501s] Installing pose script to /home/youhans/ros2_ws/install/my_robot_controller/lib/my_robot_controller
[0.501s] Installing test_node script to /home/youhans/ros2_ws/install/my_robot_controller/lib/my_robot_controller
[0.501s] Installing turtle_controller script to /home/youhans/ros2_ws/install/my_robot_controller/lib/my_robot_controller
[0.501s] 
[0.501s] Installed /home/youhans/ros2_ws/build/my_robot_controller
[0.501s] running symlink_data
[0.517s] Invoked command in '/home/youhans/ros2_ws/build/my_robot_controller' returned '0': PYTHONPATH=/home/youhans/ros2_ws/build/my_robot_controller/prefix_override:/home/youhans/ros2_ws/install/my_robot_controller/lib/python3.10/site-packages:${PYTHONPATH} /usr/bin/python3 -W ignore:setup.py install is deprecated setup.py develop --editable --build-directory /home/youhans/ros2_ws/build/my_robot_controller/build --no-deps symlink_data
